f:\vs_work\cppproject\dttools\obj\dttools\debug\dttools.pch
f:\vs_work\cppproject\dttools\obj\dttools\debug\vc120.pdb
f:\vs_work\cppproject\dttools\obj\dttools\debug\vc120.idb
f:\vs_work\cppproject\dttools\obj\dttools\debug\stdafx.obj
f:\vs_work\cppproject\dttools\obj\dttools\debug\command.obj
f:\vs_work\cppproject\dttools\obj\dttools\debug\dib.obj
f:\vs_work\cppproject\dttools\obj\dttools\debug\icons.obj
f:\vs_work\cppproject\dttools\obj\dttools\debug\iconsnap.obj
f:\vs_work\cppproject\dttools\obj\dttools\debug\commonlyuseditem.obj
f:\vs_work\cppproject\dttools\obj\dttools\debug\commonlyusedlayout.obj
f:\vs_work\cppproject\dttools\obj\dttools\debug\sqlite3opt.obj
f:\vs_work\cppproject\dttools\obj\dttools\debug\dttools.obj
f:\vs_work\cppproject\dttools\obj\dttools\debug\maindialog.obj
f:\vs_work\cppproject\dttools\obj\dttools\debug\sqlite3.obj
f:\vs_work\cppproject\dttools\lib\debug\dttools.lib
f:\vs_work\cppproject\dttools\lib\debug\dttools.exp
f:\vs_work\cppproject\dttools\bin\debug\dttools.exe
f:\vs_work\cppproject\dttools\pdb\debug\dttools.pdb
f:\vs_work\cppproject\dttools\obj\dttools\debug\dttools.res
f:\vs_work\cppproject\dttools\src\dttools\..\..\bin\debug\dttools.exe
f:\vs_work\cppproject\dttools\obj\dttools\debug\dttools.tlog\cl.command.1.tlog
f:\vs_work\cppproject\dttools\obj\dttools\debug\dttools.tlog\cl.read.1.tlog
f:\vs_work\cppproject\dttools\obj\dttools\debug\dttools.tlog\cl.write.1.tlog
f:\vs_work\cppproject\dttools\obj\dttools\debug\dttools.tlog\dttools.write.1u.tlog
f:\vs_work\cppproject\dttools\obj\dttools\debug\dttools.tlog\link.command.1.tlog
f:\vs_work\cppproject\dttools\obj\dttools\debug\dttools.tlog\link.read.1.tlog
f:\vs_work\cppproject\dttools\obj\dttools\debug\dttools.tlog\link.write.1.tlog
f:\vs_work\cppproject\dttools\obj\dttools\debug\dttools.tlog\rc.command.1.tlog
f:\vs_work\cppproject\dttools\obj\dttools\debug\dttools.tlog\rc.read.1.tlog
f:\vs_work\cppproject\dttools\obj\dttools\debug\dttools.tlog\rc.write.1.tlog
